val lines = sc.textFile("/sparkex1/sparkex1.tsv")
lines.count()
lines.collect().foreach(println)
lines.take(5).foreach(println)
sqlContext.sql("show databases")
sqlContext.sql("show databases").show()
sqlContext.sql("show tables in foodmart").show()
sqlContext.sql("select count(*) from inventory_fact_1998 in foodmart").show()
sqlContext.sql("select count(*) from inventory_fact_1998").show()
sqlContext.sql("select count(*) from foodmart.inventory_fact_1998").show()
val inventory = sqlContext.sql("select * from foodmart.inventory_fact_1998")
inventory.count()
val inv1limited = sqlContext.sql("select * from foodmart.inventory_fact_1998 LIMIT 100")
inv1limited.count()
val inv2limited = sqlContext.sql("select * from foodmart.inventory_fact_1998 LIMIT 100")
inv1limited.show()
inv2limited.show()
val inv3limited = inventory.take(100)
inv3limited.show()
foreach.inv3limited(println)
inv3limited.foreach(println)
