10808 26394 27094 6589
24117 10400 24185 26064
18828 9175 11611 29101
8889 17916 14937 15675
29185 23739 2529 17874
26487 16642 31812 27627
9281 11402 21957 995
14853 17355 29211 22514
31417 16583 466 3171
26742 23327 3909 28773
17866 3213 27566 27625
21826 1316 9281 28341
27703 20734 32283 18295
9026 25590 23653 8796
31561 5667 562 29242
24699 30678 16319 29214
14712 16639 822 10350
2417 4348 14026 25851
17038 9907 32322 22439
15800 17682 18812 4964
25752 1602 3288 3787
22899 17981 943 32601
25554 16964 20850 16218
28947 16006 8615 2311
31540 13653 2784 12575
2136 9567 21493 13683
17773 9928 26974 15831
12831 14574 23900 32403
3727 2592 28465 20772
27866 14035 6398 8773
14183 29177 20675 25837
11934 19420 7125 29711
15435 10128 2291 10343
8231 6000 5419 31921
9186 26825 11824 7276
5671 31653 23671 25173
971 8832 8573 29089
18820 19177 12773 25414
14590 20185 15939 27568
11744 28871 19236 21729
23745 16519 11937 3041
8163 18981 2283 19673
31057 25579 11838 1274
5406 8811 16092 13934
3553 22766 18888 6841
9930 16277 9269 18469
5517 11195 23305 283
18709 16838 32048 31350
32715 7464 23476 19937
17614 3365 10907 1055
12118 4844 6 24439
10682 13872 14446 6865
23547 4916 30890 1396
12875 12378 8369 1981
14570 24928 7756 21699
4660 21736 2560 11198
5084 11008 15928 2859
30639 8838 19298 23968
28358 21092 17051 28347
31009 15822 28872 8008
1576 1248 11905 20173
11492 23417 4662 29229
6405 26912 20951 15222
29122 20367 29718 409
874 23678 1366 29273
32636 26449 18995 7362
13742 21870 20020 5282
26589 1926 18875 14902
22645 15080 30585 18360
18049 23977 11764 3835
11827 16631 16968 21344
30273 27935 16839 14478
4886 22314 24638 18627
18604 16240 32229 26099
26299 15399 26243 21907
18292 18658 16915 3135
13744 22836 11623 32653
18582 10706 29665 26138
29939 15336 10036 6245
20290 18850 1427 18593
6021 27519 5002 29914
15908 25970 31786 19902
20529 5443 562 26677
12317 28934 32660 7181
28086 2020 12384 11528
4745 3667 8662 4438
26177 22479 32259 6256
16395 12553 4971 9560
1926 9256 24098 14636
13469 29485 27497 44
28636 10139 21492 31621
7807 21942 30168 22441
28104 1402 22880 32600
18427 22543 3197 7596
22399 31320 24638 12565
9093 16285 13491 8012
1486 14067 26106 15076
9422 11380 18088 24144
6681 31810 9881 12037
19574 4836 29114 8657
32122 7803 21247 16306
2516 23238 23171 5722
14434 22152 10334 1607
17016 9469 5550 9729
19511 799 4642 10123
27925 20855 5619 20417
23207 15734 21982 1101
8257 23211 21000 20427
18054 12465 2859 29263
22971 17104 17437 3341
4803 5670 14246 6567
25892 25427 3112 24576
19440 19500 9955 10007
13813 16408 11476 26238
31865 12080 19765 1623
5754 19898 12817 19861
17572 2646 15174 6492
6800 7748 18883 31001
9226 22493 15878 22769
21596 7393 14879 30980
18780 27680 32482 24069
26900 28869 18476 30765
29728 13778 16605 8016
27007 17093 18834 19331
13768 11856 9036 7191
26367 12596 3448 32609
28833 263 4262 9550
27940 31168 26485 97
1521 19405 20293 5082
28405 25918 30259 20842
19566 6488 2642 17274
8976 6102 14979 11074
20961 13742 2222 2760
30457 11540 14112 17301
8432 13435 8661 26933
17255 29242 30108 2234
7021 26962 16712 11699
6424 18767 14253 26406
15954 9181 18976 14030
16131 2027 744 29306
26547 27993 18517 2798
20242 696 11749 15619
18623 4778 6760 20557
9916 8244 558 16878
7532 17379 10155 3729
2078 12331 3778 9093
18473 22680 2265 8135
32747 31342 27681 11840
3416 11527 25446 28323
25137 8873 16450 32748
12915 18658 18564 9118
7486 6331 21179 18381
6720 15187 26839 22186
32196 28624 29699 19430
17626 4477 17942 2944
22827 27392 27522 30204
12197 9520 11850 11148
7754 27092 4621 18783
15394 3375 11692 18297
2355 19412 4648 11156
16001 10996 15253 28883
22060 789 6666 25533
26426 23070 16218 23800
30136 17397 11087 30224
18437 1332 19840 20455
26530 30138 9477 18376
17840 280 32419 14315
31630 23839 21813 13851
20024 28652 18507 26851
17974 24111 2488 18800
3236 7302 24917 23592
4006 8594 7553 10253
13758 30235 2114 30208
11355 17666 12538 8424
7570 11369 26348 23008
16328 15456 4093 19990
23395 29206 19259 20645
10372 10185 14130 25285
11635 1822 26453 13472
8222 28351 30347 30783
19053 22119 16788 1594
152 20602 18547 9930
24423 1788 11280 11640
18412 2423 6314 32546
21201 24874 12000 5956
16978 24944 19773 11318
15672 27360 22828 11342
30142 19278 7634 30130
17365 7398 3487 27485
23121 14980 24330 18509
4826 25422 24811 16119
32581 19338 20 21749
28357 28107 24862 16051
7123 2045 14337 3871
26574 14798 12192 3408
19577 27410 15732 12502
24952 11221 19756 20700
23755 16874 18504 5110
14901 11003 29743 31554
24957 32236 13847 20562
544 21715 10467 9520
6124 24874 11398 15158
3685 10138 6512 14686
2115 17677 12714 20379
27541 16977 31369 25518
1818 636 30107 25268
27167 18953 29587 23243
26840 1356 26329 25889
5004 27602 21303 31766
11219 32078 25610 2970
20749 22829 20802 26959
27729 57 18737 1917
16826 23277 11993 25813
10315 30631 18108 12260
24959 9126 16649 31116
8514 17805 1684 5362
27859 27501 6611 16786
9154 29241 21968 30384
17883 26509 30970 12239
31224 23847 29089 23549
24492 15896 29755 2451
18563 27788 2297 17899
26673 7040 4679 7626
29823 1195 5743 7547
16735 3409 31808 4479
26513 10604 16271 30931
8348 1566 23892 29116
17884 5294 27985 4878
19660 13912 7145 4117
9234 15319 24828 7435
26001 21883 18948 1519
11056 5431 31253 16096
7202 6458 31875 7113
19833 25186 20941 8093
16787 16733 27329 26466
1266 26791 1734 3721
27063 5298 29584 12259
15481 25343 2981 22917
23446 1010 10794 84
24063 17188 11419 13192
20681 4645 25619 24176
17552 9559 9375 31170
2909 9669 29491 23470
8694 23738 32036 28963
21177 17853 17122 15364
26667 31912 9582 785
7252 28223 13911 22230
6571 918 5405 28128
10948 30345 29786 1742
5475 23549 27808 13116
20987 28824 25548 6857
13239 30994 26077 23877
6821 26406 4031 2897
15980 25674 4699 21276
30097 15521 10494 32164
18138 13705 1272 25029
30380 23418 27310 8426
6969 4316 12440 6167
16151 17119 30511 20037
28251 13803 8301 838
9827 22631 4066 2192
20392 20942 20721 14188
16931 25117 8731 19299
9651 11521 21908 3411
26345 31621 3531 26318
7350 17318 3114 25369
13679 21011 392 13851
24066 1359 21636 19797
16153 24626 17895 5260
16037 30067 4478 7911
31689 5023 27503 30070
13281 8316 2575 13840
11238 25029 7979 28399
21869 8894 8609 3897
2103 30692 22659 20099
7720 32096 31927 30463
10912 3162 5618 28653
30636 1004 21557 1718
27367 15316 3962 26493
25009 31299 7750 18972
18596 14269 30846 20415
24438 501 12227 29805
26191 28157 15412 8894
3714 10670 2286 7305
7552 3946 8125 26535
18498 16766 1486 15623
23099 31522 15049 3715
24852 3587 6463 19096
4871 22641 12356 25670
19756 18431 4642 14100
11325 9731 17753 5869
21968 29719 15344 17183
21802 29755 6282 24283
19383 9931 2908 2105
2012 12506 30180 7274
18268 8384 27938 591
26898 22662 3555 26870
18135 3918 6042 20941
11758 14757 20379 28236
3835 13216 5874 12696
20243 14967 5681 13160
17395 18909 27758 18552
25112 24182 26453 20928
23335 2947 5856 4812
26863 16293 16514 19387
6573 31183 19563 20332
30456 14798 12366 772
12670 28966 20668 13040
18469 8355 26453 15863
31862 20986 9741 17259
19491 13537 19814 5470
31149 5541 21073 29028
5401 20898 10756 16200
11638 26486 18461 15317
16034 18195 20216 17504
21493 13953 1693 31306
25617 15959 31313 32203
18806 9436 11317 29714
26678 20986 8351 23705
31771 32376 17662 20549
518 13147 17559 25725
31689 30161 10717 4853
21187 11893 19821 24607
24901 11048 8535 29913
32489 12794 22062 17313
13894 29497 21465 7567
17870 30697 3689 22826
32322 30774 32324 24084
17628 7136 27371 6131
30117 31652 31349 29500
4539 22692 16769 7690
372 17515 3448 1009
29589 1135 26960 16825
32532 6303 11737 16999
20902 1988 1359 12166
10101 8363 5836 1650
21452 8941 15734 24847
27422 12644 21788 25624
8956 7455 484 17868
4963 31236 15746 24213
13459 17265 1408 28114
7207 2512 21991 2728
24520 26813 9584 12210
6802 1220 12820 23824
29636 29406 5556 8288
13698 5065 9715 16204
24146 12714 12289 28691
7046 7040 7686 21130
4527 5502 13235 24436
5108 15457 13119 11324
24723 0 12983 11027
4780 10232 20539 5161
15653 31249 9652 8051
30805 23688 12157 29245
21696 10527 25106 12707
7063 6620 3344 20160
20761 1320 8966 5261
4068 5189 24599 19717
17075 20288 11334 18404
1999 19216 20679 5499
31339 22947 6421 21992
18581 20484 26400 9560
27743 31153 1742 24079
24742 363 22768 12228
17853 15023 27265 6037
30230 19417 27624 5279
11587 12565 7112 7735
19825 23383 29021 24597
10813 18065 1426 29818
20150 23787 5427 28398
8419 29611 9739 22000
20289 27560 15848 7607
7041 30975 19378 21543
6107 32661 14072 9093
5788 10059 26459 18944
6578 11773 27193 32668
12675 23015 7530 14842
29400 6419 2481 29787
21659 25766 9660 32566
23010 21881 16570 14751
13304 15021 28433 7521
32452 5963 26109 7508
18449 11531 32545 10227
28263 24499 5462 26534
27551 13866 22530 11376
17101 16130 31501 13756
4718 14720 15045 1126
26126 19676 15037 7481
12860 21791 12974 4179
29906 9949 11068 4385
17729 21014 30246 23410
23227 19879 11882 23434
32391 31939 5911 9042
5806 18532 24503 5344
12763 30658 3584 22408
32412 32502 1845 21089
13977 17643 26651 30028
30484 5420 7657 30862
30655 24267 8220 20995
30094 6473 18276 16756
26703 19304 28431 31161
10472 23544 13697 23245
9685 29759 8478 1794
24824 30499 23300 5111
31717 21730 7061 919
29743 26033 9148 26987
17034 9174 22976 32122
2541 24775 32363 16166
12812 3360 29923 16195
28586 9389 11580 4397
17760 26831 12160 6779
12495 6235 12669 12556
21601 31751 11 400
27129 4790 3210 4677
7653 20062 21646 25283
12121 6893 31619 32479
1437 16443 32666 4186
14063 15334 21440 14259
30076 23791 28470 5649
4325 477 11978 10525
27686 26597 13168 18930
164 16105 30072 16932
30641 19346 10735 20262
5174 1620 14586 18022
314 12870 14349 14843
17107 25503 11070 5230
6518 27227 6416 16916
22589 24396 5277 3115
6107 19398 2762 29617
17817 25627 18091 23359
12805 7371 3979 18695
9455 5258 12047 24181
32159 12342 31841 31198
32162 30037 17391 21487
3583 32545 29848 18933
20998 15324 16296 29429
22312 22540 7108 16075
8463 2654 32156 26370
24199 12410 18389 4908
26120 25939 26536 32420
25474 18646 12514 29782
23707 5969 30369 171
1440 27542 2022 14435
12086 14254 16350 19822
14520 3062 27114 24142
12455 31486 2076 4840
5956 19609 6796 11745
20876 4501 4498 10728
26846 26925 19750 19031
20056 13220 29526 18655
1083 889 14183 6673
9810 4453 12356 2247
27522 26884 11550 15349
7156 19752 12192 24253
28820 23680 28 29543
15501 1640 15295 13914
3717 31765 26866 8295
1934 22627 881 17809
27595 14958 21613 1134
6754 25646 19826 19894
5253 30915 1298 32391
31357 27941 18451 31414
8174 4860 15266 23735
9547 7402 29529 31222
11878 21193 12865 2180
12177 11594 10803 10883
10066 20748 4680 23119
20777 5780 2108 27204
23298 8437 29613 4907
11329 7148 16949 28979
29302 28803 1199 23182
20447 27351 1998 4802
9392 28163 19937 14817
5143 14235 20247 13502
17107 25902 348 28885
28132 26762 29370 23516
94 23911 17799 27010
13049 18811 28786 2954
24813 2966 17383 10080
13019 27300 24241 596
1564 26088 8809 27371
15707 22009 795 13477
31512 9618 12633 32739
27584 12412 29019 20709
3532 28186 11323 11720
29576 14770 10360 10295
28264 13688 1228 15421
2920 11657 10362 5442
28912 26629 18448 23500
508 6857 13747 8492
4546 13018 18170 4131
7350 18405 26714 17720
3081 18818 13071 29225
3959 8462 24843 21396
26817 1462 4321 27455
13704 19365 25460 30270
12392 9628 24760 5853
14943 46 8409 11584
31437 19697 9556 20545
12684 2363 16786 3477
18559 8811 19933 7559
5992 24525 17888 6940
1515 13967 6262 1352
23971 12176 10776 3792
3245 19159 31252 19180
20196 334 17343 21518
31119 18263 9817 14853
10696 12492 20948 21281
22020 17039 17573 13595
3322 12625 21853 29998
15436 20477 9975 21403
27696 25726 11553 23257
26094 8836 11278 2226
32457 32190 15266 20213
22025 17482 20448 13520
30893 26186 15434 30312
25353 8968 6767 11807
9045 19298 24458 3362
27847 17763 14762 5190
11078 16801 22955 10209
17270 14699 24885 12564
27078 28497 25799 29459
4757 10094 28270 20468
18577 1331 6266 15094
12305 881 14815 8848
17038 12384 16708 2509
19130 17641 16412 18201
30808 12218 9799 11866
24299 27624 31483 12479
5047 4902 32541 29711
16795 32293 26232 32635
1593 17781 22611 22041
8797 14082 14938 6766
20095 11025 9270 9767
26409 3300 29434 13728
30145 7461 10548 26566
16857 14622 8789 7454
26836 32636 30432 11847
25406 8386 17780 1545
25038 19021 17432 11688
7931 7449 11535 27468
26853 26044 22336 29879
18418 13791 2120 3213
15028 19747 27011 23521
21515 16731 4948 7924
27884 16492 12799 3520
4854 9179 11367 28040
15700 8775 2730 17109
383 1165 25571 5455
9295 2254 16794 12269
15125 2883 3439 19973
18865 15599 6233 21158
18653 24503 3353 12884
30379 2197 11290 14023
27249 23212 30962 11151
26060 3389 31567 19057
6428 22963 15739 5970
21899 13809 3754 6181
18378 16701 18480 26009
24826 4871 31587 22223
26484 7760 17998 28705
14437 16537 16849 16364
16337 31205 20976 13521
12227 21872 30831 23588
1501 5979 1600 3097
24494 17931 12292 8213
4631 18309 4766 25654
27173 26636 18905 25089
27142 646 26808 9665
169 3354 21652 30834
22997 22127 22094 19931
2284 31845 4123 2491
8928 25241 20475 4833
14652 28525 14331 27980
20830 10387 6524 31009
14521 10710 17937 13064
8007 4766 28318 3679
9351 18869 20282 5157
22025 6092 4808 21636
17643 27480 5834 26290
32154 21960 27423 1008
16718 13636 16477 25580
15423 2251 9273 21508
3599 22728 27499 29569
26852 4920 1493 14976
307 30025 20168 2623
1663 20872 3446 1153
27834 23790 15756 21640
31973 19650 9787 17816
13759 12382 18526 14373
11649 11376 15952 15271
11819 19153 13510 31129
25996 2561 29753 1497
4476 9233 10802 27889
32596 4262 16571 27235
13188 26682 1273 8949
15913 7202 18792 642
17820 15271 4698 1416
25025 5017 29907 638
18779 10821 14221 23902
7994 22849 24544 4316
32212 3807 30355 1673
11569 6483 24087 29987
28510 21594 5951 23191
15148 703 9620 16144
4059 9971 25505 10997
29892 10533 4463 22640
20411 13353 6791 21621
3027 28384 32285 28058
16457 12045 8510 12684
5066 1707 30861 13380
7328 30171 16685 6047
29091 19181 16553 23911
24280 25697 17850 21722
29706 6186 18831 62
11490 32673 16213 15887
7670 21477 762 10487
7005 12074 12872 25395
29322 5168 13154 13885
749 16035 26037 29851
6204 23537 29988 19813
17456 25754 22670 30463
3040 26449 12363 17234
23269 16920 23509 21551
6246 30748 9557 11855
30928 27309 11094 16088
32095 5079 25060 1122
27813 29505 29919 729
13071 27339 25950 17587
27691 22371 19416 2572
24928 9571 22501 10377
32406 151 4419 4488
11154 17893 27642 11886
22898 5297 14183 8745
28234 30005 11562 24979
19406 27749 7263 27027
21875 17451 7128 9116
5015 19193 30114 14625
21594 9230 13709 28715
28292 23681 29029 19310
19323 19101 12592 32319
1959 923 22785 4256
20462 27922 2659 2014
14556 17808 8041 18632
32708 16495 5620 30335
13305 16174 4262 22133
20404 31808 601 22763
1964 25862 14345 5044
20942 30700 18622 3925
27628 7853 9533 26232
32038 3005 153 28502
14943 31765 130 13649
5342 16960 10178 3946
15488 12820 24541 26726
10666 458 13202 27750
24195 2657 15944 2389
1419 5985 2806 29924
24479 26411 27842 21953
19054 11850 14877 1939
27505 27238 2437 18818
7399 13354 29056 12320
15716 16211 7816 7731
25384 11983 24110 20324
21446 7316 28189 28025
19739 29571 22454 16973
28978 20575 12616 9053
30348 16035 7067 1264
737 15445 12807 8708
22092 24389 28716 6931
21465 31661 26405 19962
3489 31977 18604 27630
3371 8233 9488 26019
21436 3543 21488 27524
31669 31357 25499 6284
27539 14469 22002 24756
26625 26882 21129 22612
20628 32742 842 7587
1910 3148 11159 1155
27253 29565 24550 12446
1931 31071 26916 5749
7618 24529 17288 28445
32281 15014 13211 19910
21258 25433 17276 8270
1327 7684 25476 6543
22835 19193 24613 18551
21562 28193 31550 17855
20161 1243 30805 20401
10474 17809 22436 10184
4827 12121 17289 32136
6832 29019 24724 23805
4204 29142 13994 11978
2469 32110 24160 9303
9609 1935 23790 13737
15008 11857 758 13780
10974 5857 23349 16471
13288 6362 17705 25872
12568 20238 27656 15291
11969 10229 974 9613
4733 29177 24463 32644
30200 7571 25816 19358
15111 5817 10345 17491
23835 17078 539 23198
2263 2608 8215 31042
12205 13971 7953 15123
32164 19918 22450 6769
5626 30476 31074 15212
20148 18600 23085 1133
16255 29009 18238 3776
10484 21375 28500 10099
3645 29655 31247 12744
2866 18318 3460 4738
19410 26222 4352 20446
17366 16569 29416 9342
1124 6998 23691 28847
11454 13608 12293 17243
10609 29849 9807 14805
30942 5234 1503 14205
16246 11825 14081 30241
7210 12439 11311 25182
24233 31900 1827 14891
31567 21675 30603 30144
12480 21960 26334 21393
31641 14625 29685 9794
25109 9437 21946 29001
4703 25267 12822 4711
28666 18770 539 25501
13433 5603 12699 23917
27686 30607 4152 7292
15023 27526 18466 3484
21752 2261 6086 1862
24651 773 480 15601
13166 15877 26436 17697
21866 19300 23460 13055
16514 16266 8329 15704
12002 10172 32020 28560
29980 10060 7845 9182
26676 23551 25771 18790
27074 30309 9100 2902
24916 9991 28971 32060
8588 15391 22952 28325
26064 24828 31919 4028
20182 5865 21777 31316
20468 20428 7120 20946
2621 26998 1192 30345
31385 10578 3994 28209
6066 27189 351 9176
28575 31266 30244 864
22797 10497 19494 532
13454 3090 15325 20045
19200 11925 25455 22139
556 29800 1526 8418
6907 12726 22539 25613
16067 8056 13740 12
16835 5374 19727 25375
15257 26053 12203 11411
4035 9658 5701 23734
24361 17315 15851 25375
12901 24643 29266 3454
6188 12241 3809 1007
2794 10121 13129 14890
26476 7922 29539 11103
11564 22067 27096 4969
29297 32383 7837 10671
20030 30405 9696 24481
26700 30770 14431 4090
17228 2430 2069 26952
15029 1769 19941 15622
317 6461 17278 9989
32086 17269 4256 22028
29174 1692 3949 32382
9479 14836 1235 3366
26330 14801 31545 14728
18229 16822 16224 32430
31724 25260 25118 26601
17585 4593 15359 15990
27429 458 9668 17014
270 26201 641 8299
28265 25709 24241 23412
28030 9412 26513 10991
32344 4993 11724 32557
4540 28799 31216 7204
10014 27968 13084 11511
12693 26190 19640 7600
12264 26251 21575 21435
30090 26611 11995 1035
2926 8724 32227 30806
2272 29203 24972 26548
8619 32589 26796 5316
8436 9276 10967 19637
23636 19926 20966 9936
19196 16742 16236 9593
20834 11141 20078 27277
5369 4372 32562 22258
29878 13029 744 8627
3502 26947 31338 4413
22837 18458 154 15445
6139 9281 30665 27554
30414 8935 16221 15846
3252 19461 1719 4921
15360 31730 3288 1515
13289 21010 27763 6879
669 24558 18801 19925
14386 1428 24683 17974
22550 26215 15432 21999
28409 20078 16401 29797
13858 18314 2827 9524
10798 23849 21669 21317
8725 17920 18228 18444
11871 15693 12067 23680
12856 9510 3135 8880
31169 17831 7802 3396
17918 21532 14728 12387
2705 26407 30791 17382
28856 2955 8964 5392
27394 9549 5997 14630
15116 14386 31091 7381
14251 26576 19237 17435
3348 27913 12161 5690
27842 27817 2014 17096
1004 8168 4005 15052
20882 239 1447 26183
26956 18601 30683 27576
9953 12958 25756 25596
547 641 844 19177
11805 20153 9895 19258
29111 30384 29691 6664
9207 50 5073 8702
31556 22505 19393 18027
16194 18442 23067 21355
19797 17440 17861 21706
24563 27848 7106 3685
13987 10415 18771 15917
10164 17284 21873 7935
13060 27141 12384 14955
4828 25462 4042 18664
6173 14329 373 32355
21983 29110 4965 4706
3769 26123 5849 11737
9742 8192 6083 22983
19373 32186 30790 32293
21016 25572 17943 16917
8846 15751 15567 22254
30329 13840 31064 14624
3595 5586 16489 1906
2034 27959 408 25895
16127 7449 29736 7497
30343 18023 14320 19403
10938 17931 21963 22026
25350 23392 10837 31221
30434 15736 17160 31767
2463 23938 11543 1436
3174 20524 12294 8103
22591 11891 15985 16187
31716 21708 30324 2856
11812 23209 12340 24445
18219 3958 26286 25826
643 11728 20714 30873
14876 20101 20670 11552
16080 31042 9214 5557
28253 25112 25707 21886
31350 30425 28128 22024
25561 32495 7703 10438
4194 20038 6870 3069
12991 15315 25019 4437
1513 22836 13783 26468
9014 2561 28540 28572
4044 28399 11161 5707
15522 3275 14212 24043
14341 31943 18768 24478
20057 24179 1209 19895
32368 9904 14244 19932
29628 6177 17803 21179
18978 9618 24807 3209
13973 16402 11349 20465
10345 18621 17890 7518
24452 4782 7902 14820
22491 9368 16343 29606
27200 11690 12302 8741
19778 20744 3450 860
19296 24327 29786 25450
2247 30744 6492 8734
1028 27538 5508 11355
20929 6586 10971 18152
26544 1957 11301 1698
16989 3015 22085 9414
30321 16969 30452 24625
22503 12800 24110 30230
18501 32442 4552 1813
11105 3107 6313 22945
8744 5329 28875 31939
11242 18086 30967 17231
12463 21879 10025 16268
21095 4754 27749 3277
10910 9636 24037 13643
32623 30755 32488 20152
16863 29039 32538 23724
17105 29793 19418 6914
30683 5251 21431 13100
15664 19523 8314 23703
2487 7018 32430 6656
14944 10733 22915 30753
27121 2537 24865 2302
1231 23329 1135 13260
29371 10226 18381 15241
30737 18400 25767 23159
375 353 18090 27535
7955 25807 7151 11509
17330 5118 24261 32167
2309 23922 7877 20501
17594 15694 8395 6910
27478 32187 21949 2179
11505 15131 4342 24624
12829 17111 25947 23667
17003 13488 17101 30162
30142 19969 23832 9039
19400 1097 6600 20448
8061 5274 24243 3374
31929 7452 30442 18711
17574 11067 24485 31749
171 32193 20028 25621
24371 15800 16731 31572
4016 18673 2646 13718
23631 4827 13007 4004
11557 9941 4233 15646
10245 9331 17620 23781
24534 5844 26088 7160
1551 30707 18065 10844
16506 15230 6336 16700
30271 30259 17417 25507
10922 11451 29096 28017
28126 17694 21469 28880
11981 24338 23300 6042
10439 24736 21522 14430
16730 17019 28811 32448
17051 295 21731 18138
17686 25178 8835 3096
10739 16972 15849 18049
5588 22373 29735 28633
25118 18331 14516 28460
65 24398 13215 27037
29751 6886 5319 28101
27576 20344 29885 21196
29771 4812 19297 4341
4816 13525 18583 21484
25587 3648 22461 366
2166 7883 29784 220
16794 7937 21522 5193
1494 20909 4460 27703
15935 21302 22005 464
20984 18269 31771 1526
5852 1432 26264 14241
29906 19159 16955 22904
31474 32002 27597 10545
4428 17598 28114 6300
27115 3116 27451 11487
11785 29350 7475 17569
933 30945 18066 25558
20180 2482 23047 18437
30346 5090 2409 2916
8942 5396 30202 10575
15327 31285 24034 24524
1860 19632 27895 28169
19324 28794 12489 3666
18878 3177 4379 12103
1045 18906 17626 1851
28301 6638 1199 11959
4449 9141 5087 21428
31974 1505 14806 13224
6283 7635 13081 28691
17786 4881 24283 12157
31549 13028 22265 9141
25187 11301 27881 743
13570 29968 13859 23275
18128 23593 14997 18915
6809 22335 7384 28067
8377 886 31214 22038
4298 28985 29913 128
307 2075 31046 12873
5552 8776 29831 29800
11787 11367 16087 29407
25249 25448 27509 32142
13996 30557 6517 1700
6143 2414 18761 5217
13158 12060 11474 25767
20408 28641 28734 5028
10268 8147 3045 11716
28160 4702 30996 14468
12629 5926 6344 20208
17532 31155 6418 5658
13807 4617 14446 31035
12718 15046 28259 29160
29831 616 19671 30515
4147 10472 23762 7377
31913 4855 24915 12257
1399 25971 10902 6554
4350 15462 32234 19719
15415 5008 8895 26957
23819 11001 4687 15007
20003 31083 32701 28740
21742 7279 23003 30317
21922 1094 7595 21872
22771 29782 17108 31219
18120 31240 17250 26087
18728 3557 14454 20649
10127 22116 20662 24095
28800 5997 6332 6181
14639 23455 23695 14508
25934 26638 9946 24936
3643 28374 23217 18188
28751 27297 32232 9207
21438 1999 13387 22043
12714 4856 4860 4060
18025 7324 32213 24674
17222 24997 6193 19144
14368 31143 20582 1822
30167 31911 17863 14038
21072 11099 32457 29086
16041 30101 11495 922
813 8597 24786 12913
14086 5423 186 23023
30555 13179 30367 23502
20780 24395 1847 3771
22533 31962 21593 22907
24426 20190 31050 17352
18483 19269 29497 24853
27692 3003 23103 31713
4831 14607 24316 16121
922 19675 23202 29082
28989 4827 10010 27528
19441 1942 22232 16432
16457 12872 19681 31780
24902 24877 9966 5710
7904 10845 27147 11870
17203 9161 1140 6454
18146 29888 12421 18409
17683 32720 3390 1329
30762 23969 12027 5360
25449 21933 2101 492
2118 1371 16821 12293
25509 1630 19060 16723
19838 14313 16443 6994
16884 16948 13101 8462
19592 17966 18187 21031
8371 28426 7430 16867
28258 702 18240 25003
18715 11443 28918 30135
4723 24276 29732 2397
22406 21053 22259 10332
2993 25111 29102 32353
22975 14275 11890 5954
17201 7252 696 8772
23513 8433 19455 12352
5507 8380 21916 13882
17519 30187 21775 9671
27371 17505 4790 2765
30299 8464 27993 10139
28750 24493 12454 12637
9797 21881 10302 8913
4756 22060 14357 6885
2582 22665 24732 17389
20374 8439 23175 8716
3269 9366 8594 21069
394 19607 2552 18408
5432 27297 3408 22928
8066 23200 6123 27284
27041 6350 10498 1743
11238 20835 26589 6096
32304 10829 31663 21534
18116 11948 28000 1749
21673 23275 16806 16750
18240 25466 8517 23856
21735 20646 26325 24591
20181 18407 22080 20668
8673 28498 18453 12173
1847 24716 20046 8773
4810 18968 17145 16453
10485 9544 28765 14349
7383 2877 7192 6733
31480 22158 9929 695
25683 15500 21924 11101
10261 15849 12879 3462
5514 19775 7234 3651
1503 5655 29308 23718
18864 30488 29550 28346
10376 11372 4709 20668
6373 7826 9654 6459
6546 4204 23450 6847
7098 8290 9064 12323
7299 8146 14218 2837
11719 1654 24508 25044
31014 22889 11812 28401
11767 31973 30406 32556
20674 6764 20835 23384
16051 30858 1260 16609
17799 22391 8884 12013
4291 13744 2730 25229
16321 16385 21088 18914
17416 16428 12106 29446
27481 25027 27109 31863
4218 2340 16330 7707
9628 22520 10734 32740
4953 2214 31588 2349
12998 10381 631 28834
16041 28211 5023 27635
30235 1745 12318 17015
20456 21792 24147 14409
3372 30735 26532 28567
32529 23063 25941 22143
19442 15122 17594 26692
32478 27326 4331 20962
9719 15755 3498 23905
18611 15436 17164 26513
11392 10406 21374 10180
21077 30600 10339 21642
19711 11836 16392 6824
15997 11614 8286 15119
29364 12817 10254 32740
11461 31800 6705 25475
29429 20484 26982 24608
10326 20574 29557 18128
16361 11637 602 6271
23300 466 9583 20590
7438 15804 22314 20588
10607 1589 16145 17148
32539 28639 27471 11535
32713 9615 31000 29866
4355 5023 22002 18469
13983 21860 24711 31680
9273 26035 488 20931
30518 10147 29066 19062
11979 13015 6828 16219
11577 9186 10409 11199
12222 5378 24176 25529
12452 4025 29087 7058
11918 2675 25122 24318
17789 21603 25293 10829
26431 9381 6694 29555
13201 9371 31170 28511
28384 25431 3744 22386
18574 14975 1506 24449
11663 23182 30691 32116
31456 15316 4626 31628
24857 800 31870 26458
7369 32099 19721 24211
15800 7406 8177 10258
1673 21757 2052 5863
20520 5886 22561 7116
10619 7510 14271 14667
12640 17895 26859 24761
26037 200 5331 28069
8722 30250 6573 21636
31828 14967 7197 21575
13196 24270 31742 12976
24674 4902 25223 24216
27063 10528 11565 14204
23743 16242 10672 2629
26335 30226 17093 24918
6305 13135 12371 21158
26450 29201 25262 24024
21280 2726 21038 31193
15735 5783 18303 5120
20798 6531 11713 1853
4945 24535 15281 12673
16200 12196 25279 8171
18770 23767 18760 29227
12651 14624 14685 25729
5459 9844 21194 5937
18054 21387 781 29196
7268 14046 22423 22612
16134 17576 17407 15423
8091 13056 25872 18788
26332 17691 3549 18647
23898 92 26193 3937
32677 26950 13156 10622
23214 12874 13420 27760
28890 9682 21580 482
26862 15301 19145 5068
22388 22125 14547 19820
13168 8316 1657 8324
25058 28805 28549 18182
5032 18940 754 1604
11787 12688 5690 25430
24118 19445 30056 11625
30741 21876 24140 28003
7229 6787 22546 19450
13663 4249 368 4711
32572 24963 4256 18386
30218 22952 27197 5265
27849 12195 15724 13581
7527 11098 23947 29838
19588 9984 7297 32679
21174 29007 17692 3063
22196 2716 11143 2358
30195 674 32502 29896
13127 10927 1481 5187
26838 22470 15910 20126
2297 18524 20796 4463
25902 21365 31182 25502
30353 1123 7428 15257
27107 28219 4276 23480
14265 28747 1004 6507
24817 4484 19150 22138
6181 31127 25535 23820
4142 24513 15914 24249
24862 11460 18332 31835
4637 1698 7293 10024
485 624 21624 25094
13357 8876 29036 10672
14410 12668 30137 32486
714 24232 17577 2126
5374 23902 6867 23601
20291 26969 124 311
6958 3915 17192 5153
20544 19647 19934 24548
8886 6720 14152 6411
18520 25818 22626 20480
26706 32691 28014 32650
1392 12157 23649 12321
8438 18404 28636 10064
21020 19499 22556 22934
21019 2915 21815 23794
18743 5334 14779 17661
3481 25605 19667 32559
17272 18885 31460 27641
30619 992 4889 29068
16852 28909 9993 4046
29750 21434 30430 3993
19146 20961 24172 10323
9367 27997 13023 27652
22655 21259 11696 13773
22967 20716 24908 28273
6307 17434 14903 18748
23636 15379 15560 13790
23560 17950 11440 6282
11940 13589 16636 11161
29870 3861 989 26361
10728 30115 17494 9954
32572 26085 15603 18966
1896 798 18267 30599
6690 20141 27085 27936
5142 32149 31104 24634
16594 29887 29312 1879
463 31748 15852 9087
13323 7106 4147 10695
5342 19718 32753 21485
8350 9924 21462 25574
16893 27749 819 13491
2013 3716 10145 1730
31748 12919 28824 17974
20817 28431 2955 3728
13958 29050 18777 4639
24177 29633 12426 2451
21814 2932 12044 30692
20930 17122 14198 27624
32508 8812 2100 27290
32653 10012 19560 2839
20564 29430 9500 5548
29146 29226 265 5608
23301 32238 16680 18734
12840 503 17517 32303
28622 2628 19516 19520
15969 5595 32018 23396
18195 32460 22097 9058
7134 16078 30893 28833
6687 9279 31470 16289
9936 31288 16962 9386
21183 20023 8704 25113
9956 32420 29605 3823
5283 30405 15487 24209
20558 26226 25947 141
24450 5263 29383 8304
18090 31334 31952 2635
3930 9760 13409 4004
3970 24835 17882 10267
12909 12361 23683 16812
25053 9470 29071 9344
30722 3972 29125 4939
17996 23395 27569 32179
19702 24666 21546 26697
15920 5295 3494 21710
16953 26746 26653 8269
22735 16551 23871 12281
23152 11490 26731 29353
28349 25204 31827 31387
11250 19567 24577 16159
13611 17594 17093 13114
25267 13077 20620 14264
18146 17090 32301 2562
19818 8178 30974 9141
6393 14560 16976 16135
9916 11264 24345 398
12337 10873 10989 561
544 13507 6208 20676
5640 15667 3970 23120
22592 2271 15834 22845
3432 27251 27475 15576
23803 1303 18398 26019
20840 17886 12602 12967
11409 10314 16172 6195
27357 4914 26088 4956
15730 16691 14858 6440
18006 3811 11506 31360
7811 23694 4843 20685
6095 27745 3761 10685
22689 2702 4789 19314
18159 16007 19968 12450
11984 10376 7318 30339
25474 10219 25792 6775
18444 12622 16057 820
6279 26281 6021 26059
10093 8251 12788 24533
14266 25637 27842 30528
26558 17590 11091 6464
5822 28248 8976 6822
18093 18563 20052 11936
15312 2995 26997 15004
5863 20801 24237 3236
8967 27370 28355 4508
17037 30556 25349 9452
19472 835 28 30049
32673 28159 12566 18821
3929 25834 7208 16546
6820 11145 27374 1249
1734 30680 24840 6958
12932 8577 15886 10058
5337 32583 25913 15590
19249 9811 24418 23771
22889 6925 9261 17829
30764 16890 16622 4873
24916 31572 6744 15540
30911 5335 22962 25502
23477 27803 21954 24979
22078 15420 20615 31430
3349 2860 13842 1591
13815 2809 350 25065
10417 17140 16010 11545
7864 30730 2522 2798
26003 24726 17069 4409
3892 20513 31769 31637
11068 8458 20453 5408
6698 4053 7164 25206
3016 9852 25594 24730
18062 21875 8240 21078
14622 11718 21368 11238
22865 6426 10268 3897
8150 15275 3585 4090
11609 26809 7842 28863
15170 7218 25131 6326
8744 6765 7528 27961
28394 32209 22235 28889
21791 12090 23487 11177
11030 29134 12501 12394
19485 12724 27132 25466
5846 821 17861 23142
3215 23870 24258 17808
5255 22073 28100 6128
23626 12193 11808 32315
30580 3490 20959 18044
7923 4517 10033 21498
24314 17319 19493 27186
13703 23194 25883 29754
12451 25337 31559 18679
120 27407 20999 6950
32018 26526 3458 29792
31387 7645 27313 23503
5424 12185 2148 10143
31346 8524 9516 16632
1251 11004 20006 19087
4652 19667 1690 1254
26586 14081 27980 14790
6798 13991 11789 5780
5935 16566 3212 25431
10606 7857 9780 18303
9795 14322 4218 2972
28526 18282 10651 16098
9205 366 7588 6963
30037 25815 9091 15642
8981 23472 23927 29993
4490 11350 24761 18798
31373 30660 2643 10243
4694 7378 21858 25965
30988 23691 18778 29914
27497 27973 620 17963
27695 23356 30026 1042
3315 23602 2362 4115
11474 11165 8381 31911
23407 32284 14227 21932
18761 8457 8191 22469
30669 25154 31233 7725
21421 12590 7321 13562
13087 25354 21084 18933
5838 24342 21112 8329
22231 4408 7258 2677
10831 21141 20956 830
1738 22380 7539 14829
15481 23626 18908 22195
16762 22509 20206 2815
13563 10302 16850 7854
21560 21618 11669 28364
23677 20242 24722 12022
21195 21102 21085 3493
30259 15836 23475 8877
10248 27694 24664 25599
21631 3720 18512 22670
701 32071 418 22090
20430 11459 31894 12113
12129 21651 11459 29176
30722 6492 16734 15867
23070 7130 18130 9486
26373 6505 28988 16044
25904 1902 27747 983
28874 6594 15187 2554
18104 4580 21101 8135
3473 20732 30961 20800
30369 26046 18719 22304
15186 23682 6023 31779
31887 15602 25148 10636
31268 1645 4945 624
25610 32590 8845 4999
20373 5584 18354 20420
28349 1760 904 32419
18640 11471 369 26219
17765 11723 9236 20258
5024 4726 16330 1083
26355 5158 27961 5052
21441 31201 18586 17197
7008 27579 451 28705
17252 12 17269 23787
2826 26555 29746 8979
31847 32353 16144 26054
1950 18901 24144 800
30829 888 32063 25473
20722 6635 18845 12878
21781 10790 26202 28585
172 29009 22246 21504
5384 32045 13873 32224
9091 17168 10437 27355
2439 15685 19695 13204
1222 13932 6037 30262
5450 1615 31163 15803
31861 4740 25329 6434
15889 6780 6458 1036
29733 25549 21372 5890
22803 15597 9462 28186
14320 16655 29701 7740
7671 2334 20511 20670
9676 9562 22754 8371
32023 5760 20808 29134
20142 22223 20015 10736
5263 29002 30140 15668
28206 26731 30344 8477
6021 21432 3383 20335
13913 18421 31907 112
25312 2159 2663 12855
927 30163 14014 10068
13862 10846 21675 32156
21112 2697 23397 25389
29119 29978 10811 13247
24044 20918 12876 27094
9447 31479 5412 17797
25287 7321 14295 23887
18368 27573 27028 20329
11059 28713 23633 27355
10943 8904 15517 7908
19625 3663 6020 2541
20813 15261 28833 10786
25664 18214 18377 1794
26164 15689 8522 17046
24323 5336 3856 14874
19333 14229 27674 26639
31972 32387 4756 23698
5747 32588 3317 28762
19339 28296 16191 29025
25779 17802 1766 5524
31806 30869 20253 7079
7311 9414 29053 2080
15106 23809 5005 20888
3282 30688 14545 30595
23630 17739 7053 4448
27030 10904 14193 3116
29190 14413 28670 15102
14927 16953 2787 160
17680 28416 17267 24825
10169 1006 16479 19072
26498 9768 19590 16014
10209 500 29732 5736
14330 12432 24991 15647
5207 10953 12635 3468
11054 531 22395 5947
22557 11313 8108 9956
31314 23348 31015 15134
20826 10506 28915 11886
22093 12979 11251 746
1246 26927 23817 15887
31460 25576 25957 29367
3222 1484 14906 2588
2827 14052 24927 22786
19268 6190 6870 5459
19389 7215 9832 19385
6020 8088 26133 6843
10828 28799 22689 28788
27021 13824 24061 15908
16320 27378 26117 460
10380 502 20780 19345
11990 4931 16549 14108
8334 23443 12130 24505
8547 29712 748 4746
12998 9628 23588 18083
6620 29611 5223 30258
897 13247 20788 25992
28447 1028 19278 11895
6025 9369 17969 24531
16284 16643 12028 11083
2277 12620 26411 31467
292 19970 21748 4479
1048 4103 28485 30269
28422 11421 13719 30117
28492 13473 27613 18642
5 30624 21136 13043
19752 22569 9345 22718
17747 29306 28380 2831
20707 16926 27458 4637
20757 54 5866 10834
15701 13618 1405 12224
5269 26609 19846 18252
31620 29560 8296 14013
3943 1231 31611 5866
14227 15106 18441 2190
26806 18118 3874 20582
9498 2707 28429 3045
14328 14425 7474 27488
4689 8709 9281 24638
18721 14664 17561 30546
23716 16506 19470 29741
30554 25770 5379 19128
18581 120 5143 5426
9662 12098 29165 7729
24988 29456 28033 32282
6401 13805 1654 2296
32479 13669 6442 19422
14607 24987 23801 14656
29092 31455 29612 14
24126 792 30520 7151
12187 10315 32004 13478
20258 32720 3801 5200
22457 28342 15022 19434
9282 8101 10972 6459
19185 23105 6971 28292
19149 7162 25442 28374
32359 23546 18573 15848
26961 28436 16308 32077
6605 2891 7667 1727
10498 6401 15198 22783
8971 27439 30852 26275
6099 23521 12449 29913
461 28736 19485 24051
14991 19576 12412 24760
10337 17229 16911 6974
10532 22272 7316 30148
26344 13994 32422 883
11998 10001 5057 6866
10814 28902 27212 25916
5555 15381 12479 31855
2617 31777 13730 15374
5081 14307 16418 17067
11307 23535 30039 26308
30780 31261 14558 14104
13858 10478 26791 472
26742 16125 4731 5087
28704 31650 2626 8958
2478 16442 32206 4881
28614 21287 28504 20394
17033 27615 6917 10923
4236 5951 20110 9792
30629 17352 11792 25138
5155 18891 31060 14630
10191 12692 9968 10097
5665 30108 4662 20121
29295 310 19570 9884
32478 30346 12590 5217
9105 13543 264 26903
7753 7344 11034 22826
1103 14005 27610 32171
14814 23962 32269 17366
28489 16745 10134 5739
5545 16648 13763 20443
24696 1034 30663 24835
16983 4648 7919 11465
27551 27596 27071 6203
8978 8253 12428 1554
17181 30831 3693 19172
25939 32512 11337 13233
31186 32427 17490 1679
14599 8200 2899 5778
10474 28774 3571 7824
18622 31595 113 18398
25721 30167 9439 29222
27950 4475 22805 10866
17233 21510 29624 24698
13123 11201 14431 15450
32509 20051 31809 24487
8382 29336 30186 29853
7586 13818 2473 29978
11495 19993 6552 7675
28884 14676 29407 17349
29051 5674 23666 2134
3727 1197 9933 4619
26008 5719 1877 11306
13394 16973 29543 17602
24220 4626 4756 2471
29556 8402 6284 17514
20625 1947 3992 30842
23127 21979 28452 30573
27981 30457 8047 20411
22029 17211 1792 19735
32118 1029 16933 17439
94 23739 13529 18636
3363 20317 5761 18686
30076 31520 9380 11836
12725 2829 18890 6517
4870 4131 3639 31025
22775 31328 29051 26114
18652 11852 11247 12539
23465 21601 2880 23495
14257 546 17837 5990
32298 19101 17077 10457
2806 29546 23881 9442
11164 27469 20207 31812
4212 3177 5484 5429
30646 29504 7600 18076
18970 14111 4089 31347
21175 14553 25720 20485
11205 17173 14239 18843
10807 8395 11346 5872
14521 13101 28645 29724
7849 4404 7232 23240
11178 21503 24930 17932
6258 9039 15156 2723
30583 31599 31072 12662
4963 29226 20280 1966
31773 7539 1961 5548
31364 14114 15824 18923
2693 17788 11497 12904
31036 7849 1984 29445
2025 1960 30534 14515
19242 24401 24761 25089
31915 6587 4730 22650
28475 12148 8361 31821
25117 5880 13596 32301
32661 14023 5039 28050
23095 1603 24803 7052
22810 2761 15421 4519
16182 16889 27842 22481
759 29038 14375 14044
638 18185 26878 6805
31273 29092 26436 27549
18346 13495 9900 3902
19731 21898 5355 31831
21600 5218 27449 18821
31718 32186 4674 26629
17439 8111 15210 28824
16817 28630 2137 24362
6634 1449 17273 5822
26135 17501 25426 24043
3186 19897 25024 9859
12069 29134 25699 23181
10201 29493 20590 2417
7717 14417 5768 26435
8701 14851 23262 23854
14958 20797 7153 11756
14439 8984 14453 12133
14359 5238 30353 29043
1014 25212 28872 905
19101 17244 6990 16250
13114 20506 8798 1994
4488 6463 10659 18200
9039 25812 24290 27711
26038 16138 18957 31108
2576 24351 13737 8125
628 10876 23253 12944
17470 2690 14828 25208
31835 23857 5686 3428
24142 32348 27628 12679
22955 17599 10307 7811
19582 6634 365 21248
32427 17765 1957 14890
30250 7043 29511 24625
20352 10313 7522 22365
25512 26159 20406 3140
24878 24910 4727 28657
25934 7894 18086 29782
2764 32603 20361 32337
11238 12836 4844 28050
22551 10497 20619 10997
24980 3596 25660 20434
2122 29529 6841 1401
6803 20574 5029 32568
27981 7947 11878 18644
9883 20199 25076 8054
17440 27845 14041 15230
3261 27702 6343 28631
17081 19069 2627 1509
13331 4864 4405 21627
1861 7322 4810 16994
30977 27929 20685 1608
10814 9452 10640 28314
31246 213 16169 29654
5469 15517 4971 31623
13383 26381 24956 22172
20208 5356 21893 26567
30246 5429 5822 26526
4234 2427 5740 18588
17038 16604 18664 9678
9692 20478 26785 17481
20399 5156 28395 24193
5889 28996 24286 30528
25612 29468 21090 28213
6588 15229 19176 27514
19327 22293 23667 22250
17800 14784 14533 26371
9680 6983 5541 10394
29997 8861 11913 31655
15459 16759 7839 644
23744 7531 3157 28897
677 20328 25204 24039
13707 3961 10156 22105
4606 25050 25336 21246
21179 19006 24992 28627
18004 1010 19204 17081
9820 1255 12599 23959
11968 4994 31093 3995
23570 16803 4348 22101
8394 24691 29548 5336
20144 22345 19504 7256
31370 11430 28618 1451
20266 30749 5221 5476
12199 20369 1493 5970
17491 26640 9225 27114
13864 15634 1808 27024
12111 16926 3187 32389
27452 2638 24825 14696
2205 6673 4352 24533
19157 2505 15976 30508
4881 28492 14164 15354
22310 17069 9012 31424
7548 26938 2355 7118
20149 29102 5798 2376
7175 23058 30647 19408
27200 27529 17820 23536
6936 30669 22332 21066
10171 4139 11348 507
25623 27882 15577 7127
29636 1305 20682 8106
518 12688 15658 16985
11773 28357 1539 2601
16886 15082 10115 14180
18444 13176 15732 12351
13672 1524 30036 11947
32012 27942 12853 23909
28027 27412 16084 11643
14196 17967 31420 32495
16059 7022 531 26502
11946 14445 8230 30030
9120 7668 22753 27543
25051 8874 7063 9815
30519 23001 31312 25798
9376 9484 3266 16786
2933 21434 30464 20198
2615 20977 19520 14307
17786 4699 24374 5179
22845 23958 28683 603
26585 2697 753 29055
6120 13830 32127 29915
1809 7123 493 16462
31140 17007 22185 14747
14321 25790 13564 21410
26557 25329 5607 13339
4436 16681 12781 32210
3534 32518 4199 8061
2139 22623 27129 31999
4848 5013 14765 13604
30775 4147 21496 4589
14126 31691 6993 5206
22314 13116 23173 31989
26340 9317 5872 4424
24808 22697 27899 6337
23305 2430 26389 14471
26113 9307 4086 2795
5631 22215 25771 25627
29057 28641 26461 23876
21306 19938 25402 12424
1445 13176 12444 2047
18252 4974 27546 10086
28343 26446 26618 31678
11753 30103 16880 4616
1804 25947 26993 9861
3324 9726 27722 12537
22413 8027 12833 22594
9451 32536 19091 18912
14793 29228 18618 26361
11849 24221 17339 19820
6122 21223 2004 7130
19109 20719 15124 25669
17128 22766 14874 21050
2613 20388 15584 27930
30151 3566 23674 2124
25016 21222 12136 29596
10610 13754 7490 4320
2707 710 22196 1286
29012 26761 16003 10173
2472 19385 1669 18898
6475 24599 18131 7306
23312 16781 15133 7745
23251 6899 2560 24583
16611 21119 26621 26466
2354 21934 18845 8151
9560 25152 13731 14398
12075 26410 17147 17832
27510 21336 1973 15109
2585 5654 13574 28853
6198 24406 20702 23559
4242 32658 10132 7260
11208 1455 18699 6492
10763 702 22968 30318
21838 15785 16780 28514
16571 31773 3119 199
10210 4002 6140 23636
25019 27813 28485 30107
24100 26410 18081 6888
15968 22248 26221 8309
8986 18391 12251 7470
24682 29524 16865 17265
22162 18863 20375 7709
19385 9283 26283 11928
20135 28830 29565 13731
10705 3041 10936 16474
5348 19933 5296 23902
29935 18563 11768 9800
4868 10361 27650 13739
16275 8777 14020 23401
198 4201 6284 11622
17981 889 20809 20118
3882 26893 31176 3215
9326 31760 21444 6360
12388 8001 6316 30972
3746 1863 26750 25950
13101 32312 20788 28981
29949 23811 12703 32278
2096 11168 25765 16505
29200 19826 12947 10741
20241 1380 14912 7485
19733 27307 17572 5167
20023 18155 6454 28546
5375 14474 6573 27833
14760 29615 1357 14612
10895 17261 1826 29961
22025 3074 31030 6082
7418 5513 931 2857
24365 11517 16433 6924
32096 31261 19304 17602
29471 20987 22129 27989
12344 28956 17183 21211
19068 25095 3076 992
12556 19787 19733 19788
32107 18522 14675 11515
17452 18680 17347 4928
30788 31195 22342 27223
13818 140 1721 3211
11554 18051 30296 26952
15002 32094 24864 13146
118 25184 16171 21834
9649 16872 3119 3103
32015 11548 13111 10167
15607 20613 401 31149
4343 31687 30874 29254
539 4325 21459 667
14949 24363 11869 8409
14883 2014 23199 12023
4743 2558 8325 14024
18844 21846 22770 21108
4918 235 5074 1665
22133 19372 26024 7148
17865 24161 30030 5809
2660 27186 21868 24230
16637 28494 5113 7037
26760 30925 3995 17154
31572 29817 2712 18053
8864 1102 22384 11006
13253 29729 16432 17309
16151 15634 2105 4767
11815 20755 1367 17798
10337 6746 12545 26963
5331 22538 12802 25663
16161 15377 22235 27706
4728 8940 28869 24621
23455 31666 4466 4670
23779 1974 26185 6421
25114 16825 3195 1193
19720 26178 17391 16896
14791 29567 20148 16760
1717 10551 4588 26645
24359 20223 4734 12448
12547 2106 26810 18337
30581 28022 599 24030
28797 17063 2167 24768
7385 10012 18958 3420
23287 17333 26859 27334
12507 7822 11168 18924
28335 28664 18724 11857
26557 24563 153 29582
7540 2222 30181 12013
32152 18855 10849 31401
17359 30637 16117 5889
28642 2866 14441 12641
4841 8552 29241 22573
11679 25372 7317 9038
3840 32053 27803 893
19460 26618 10085 32318
21790 24116 30817 32199
23394 22116 31540 13424
535 29328 28396 4231
25632 17952 11560 23894
31015 5449 3637 29020
31464 13369 22301 24777
567 12910 11824 28370
31705 2573 11283 26276
21769 30793 12331 11575
5171 23631 3761 23787
27082 6644 4021 4417
31459 31159 4224 31262
29199 1778 22491 3750
1047 20097 20980 18273
28033 23179 12880 31653
23682 974 8318 20169
18754 21171 14947 24242
18404 5350 25733 12866
23758 7346 16281 2263
14189 31820 2008 5827
2088 18472 26483 26107
30027 22201 20525 30716
40 2835 18934 24799
32415 10610 18078 27006
28900 15243 30950 3614
5388 28365 2451 15594
25296 30018 27405 29562
29046 13539 21567 11044
7452 19815 29758 25001
26004 30751 24188 18691
6105 30367 32036 6051
29706 31738 11940 25537
27959 32524 13802 24361
11098 20092 20793 11094
28701 21809 19752 15451
6252 11677 25883 28644
7077 8814 12583 9378
18588 8989 6331 29378
18381 12977 19362 10555
11939 29649 26896 21426
28032 10890 27499 27778
9538 24844 9559 4700
569 13230 3381 18129
2958 21036 676 13244
14168 13219 19149 795
7186 6822 17673 7836
22480 18153 10725 21470
26603 5123 5594 17778
31024 26678 32224 7888
11424 601 27800 10832
4003 28433 5561 25512
27725 25968 26932 9074
27425 3573 4226 30782
812 25781 18762 20995
28487 23550 13880 22686
14086 5012 32505 27096
16047 2079 20545 248
26371 6888 5282 29293
32546 22234 15131 6188
5435 31844 16708 1707
4378 161 27632 1951
1175 7121 26549 17137
727 8143 7418 3972
408 30200 2977 18069
14176 21671 23528 3270
26987 7330 9328 28265
1155 25021 32681 31473
9472 27948 4176 11308
11041 20859 5950 17220
28441 8610 17778 2395
3183 31605 25269 9089
14992 7949 18508 10642
22297 21635 6476 9461
28033 26202 22854 17377
12228 7353 29714 2732
22016 27313 24465 22784
13206 30174 8265 16105
25281 12807 7460 194
7721 15098 11942 28067
6169 15948 6251 22771
172 21166 28139 32070
8760 11715 32590 7140
21728 30057 31505 8139
1786 7480 20311 4919
5495 16247 12396 17138
9709 28196 5410 9026
27328 5915 29178 100
16928 32532 31583 11479
31867 11905 16537 9944
28558 23266 18528 21705
844 31029 5418 10804
18519 28571 21836 7158
20649 7637 5896 6280
10658 21086 21345 9697
1786 3934 32060 4946
28540 14942 1593 2757
10247 29765 3314 31973
12558 8311 29375 27607
28893 22328 17325 8045
26599 6627 6067 3684
21513 19877 8132 5106
30873 11135 16521 7664
13601 6450 13829 4925
15196 12197 1591 3564
5006 2748 29856 25993
5135 7348 766 5548
29825 31719 7357 17280
6335 14387 7837 25498
8345 21767 29512 4301
17018 31056 32610 32533
28256 29111 15188 13057
6014 26807 19446 12436
25980 13331 2105 31013
32345 6815 31486 14881
20175 31792 24473 23656
18671 22906 27651 24678
20003 23580 20446 555
23087 27236 23013 25918
21374 338 16812 6472
286 29475 15568 4359
31474 20164 26019 4178
10661 11983 32581 30619
3507 8907 28314 31286
8628 28071 17599 6981
6332 12995 16719 658
24504 26900 21848 19181
15976 29531 12602 9177
11508 7330 3383 13830
27429 28756 28000 27186
21421 23992 32731 11786
19932 223 29884 1320
15299 7313 9384 19859
12193 11826 6351 27053
6948 30583 28763 17528
21574 28080 2771 19240
29088 24984 8182 5259
25783 25242 14643 7179
14817 6132 21107 7603
31685 28591 3182 13587
19132 7388 32523 22293
19241 6725 1303 22651
11411 11477 8463 10788
27323 19108 9374 20461
2318 7105 21971 11679
17357 4629 19237 15269
28539 16321 22768 11666
2702 13631 404 27056
24414 13885 3038 15208
18746 11908 4487 30443
25833 15474 8295 30148
14676 23618 15024 11903
17117 3282 23540 7296
23007 7361 8288 12609
29760 16630 32222 22044
4103 23517 25353 9210
12392 21356 7922 17079
14545 16801 22876 26146
26234 6040 21861 30933
11030 25537 18482 446
869 10742 30324 31995
3302 29261 15637 2936
9290 14401 28392 24380
3773 26329 29179 25642
8474 4303 12225 19292
18395 20181 15188 24348
929 24473 3542 13317
29967 20490 29658 9215
30577 31192 4352 19945
16552 1732 22785 8451
6163 9450 7253 17536
31445 1712 14272 26867
25227 14643 8687 849
29558 31639 14291 21821
17758 16400 11692 16802
19700 22289 19252 29680
20091 6770 23618 20358
7134 11714 18489 24384
11625 6000 30537 30765
2043 12055 27808 7589
24185 2417 31196 320
12964 1321 29604 17450
23162 18647 21672 4040
12765 18952 1469 1237
235 3262 24129 10612
7472 26006 8896 5734
18288 22523 18742 20939
5013 29399 15974 26256
17619 15914 27101 32279
23047 19120 15541 27640
12325 29940 26186 17648
3151 21222 13904 32367
32050 8882 6273 2437
16459 15491 3453 22330
16898 23330 27046 23584
24474 13242 9735 21738
7600 22766 17583 6802
9646 26286 20601 30710
29473 20831 26532 5261
2601 24976 22553 4029
3031 5656 8214 14925
15911 4688 32742 3479
27349 31058 12956 25757
19417 19382 21894 31265
27095 20015 3498 20909
22297 32063 21484 31350
934 21242 26114 13482
22656 3131 14898 21671
21659 23445 15833 16346
17779 17235 8787 18195
21094 25823 3045 12623
23394 14834 26722 7896
6134 14304 9880 8199
24240 8098 26651 26352
19634 2435 13151 25855
19448 14748 2716 9350
31625 15147 24998 9340
9596 10601 22111 12021
32161 7274 12065 28932
25633 3472 10239 30956
9418 26148 2968 20880
26318 1137 20676 9479
19622 17460 22873 7045
29109 24285 9896 5634
6039 28330 4536 9097
19145 28906 13301 24323
25811 3830 787 3710
9904 15528 26980 31235
8970 16730 10424 32454
10898 31335 9869 15428
21630 16284 20427 27451
6162 32030 24614 11735
20463 11173 2062 30326
6230 23523 21467 733
18587 1186 802 27820
22021 13765 17651 30888
7421 20722 28008 7197
3045 12475 31069 7341
20742 12027 2185 11103
9026 31964 11686 11466
20627 5510 22468 9188
9635 6782 5221 19748
19063 26654 12585 6938
27245 29259 25620 11526
572 24616 3136 28744
11211 23265 14507 4024
8177 17855 19496 31472
21479 11233 27990 25635
22873 478 23977 23306
3497 4393 16888 7868
4211 7008 27458 30406
7546 1429 17505 5841
17068 21695 5980 24010
8554 26456 25287 5722
18390 1344 26027 3384
1712 12822 31907 26927
25572 15282 26598 28335
32295 490 32034 27449
6584 8119 245 9032
7393 7791 12207 13029
7004 27446 30198 18179
24219 16072 31520 9611
8892 14927 23136 6490
4522 22182 26862 6390
29793 12482 16661 2596
1642 29443 6903 2041
11201 10611 2772 16227
18335 28507 4301 15703
17250 3995 23778 19155
6404 514 30431 32319
6425 24862 18417 17103
25097 863 11899 16073
12817 7217 30607 6708
8509 18898 6746 21450
15484 18268 10277 24019
4618 3850 1526 8069
1846 8320 208 5002
8779 5606 26397 26170
15140 27334 5142 32754
12399 32124 30171 7955
20913 2707 4419 3552
11764 11214 7512 9669
23486 16248 8372 16852
5481 16928 82 18670
14372 25078 11326 26237
18904 14708 10164 28570
3913 13434 24781 25668
29357 22996 8784 29317
7174 31522 20488 29436
12835 20320 21548 15996
30078 24010 18826 22446
9780 28322 2808 21960
6994 23212 31099 14743
17463 18480 30418 9399
8879 17553 17868 12239
2454 8858 626 20170
1831 27521 9390 29389
3873 25414 15859 23857
24011 5225 18226 23889
15004 1425 7925 7667
22924 6680 17288 23305
23094 20196 4497 29053
8806 29752 23611 26011
30326 2814 20792 32513
26300 3527 16379 12786
12156 14546 10181 9535
10373 25168 4321 24437
20089 12555 27553 27908
29013 23587 18170 29419
30301 10894 9311 12592
4894 16975 10140 6953
26297 13768 32101 17978
17130 27395 13950 25103
29512 8962 10588 30977
21365 25888 18850 23634
18948 27701 23268 23995
24107 3083 25749 6076
2770 7994 18385 6628
2145 23554 25219 23684
6306 1107 11948 15418
22215 29776 28711 13744
5063 16407 32614 9796
24900 21885 17807 26625
19928 24071 30820 13563
31130 16693 17127 9298
20167 8955 19969 26802
20151 8431 21648 5859
12791 2284 3055 22005
25605 10222 19282 11098
31150 22135 26073 10756
3985 11202 2700 16917
9721 22356 28417 31764
10672 5504 19836 25208
29718 4807 5335 28347
26501 30048 19134 23476
15313 16929 8910 16222
20991 28797 25961 1073
32562 295 23933 26392
13482 9167 2502 28151
6742 18728 7973 29142
17559 28585 24410 22131
24074 1165 8535 31374
20491 19175 17052 25193
8927 244 16551 17732
11801 16880 8732 12062
421 20219 24506 20163
13433 9948 25205 14407
27420 17820 16852 6730
3461 26228 6419 493
3164 14842 28569 24589
13214 31631 14077 30168
25433 3749 13870 12891
6290 16459 13644 12308
17862 30851 4065 7355
25010 17256 2409 27354
17398 27426 19315 14567
541 26361 5599 5350
14006 9868 21275 20064
19132 9321 4252 5453
16906 19870 29400 5650
19460 27809 5546 570
20847 29721 25786 15002
11852 10729 22162 12889
6094 29428 13745 13270
23263 11980 3380 10206
11857 31822 15842 3052
29729 231 24177 27561
26770 9667 22608 12967
20160 29827 25216 5444
32246 29925 4804 23948
25906 31777 2566 24930
13467 28017 22150 14628
17693 13631 26983 18212
15644 9134 11591 17728
9549 2 11668 30149
3809 30027 13022 20508
10213 32627 9226 19353
30667 2073 31026 772
16967 30512 18138 17680
20036 4427 2847 17738
8615 11620 8456 28424
8197 23049 13364 26980
23910 5240 5103 29308
18344 6597 7238 29107
23842 881 17272 17484
31934 23097 31221 30296
10429 24288 27516 27790
8965 29528 25494 19579
31375 29510 7964 4494
21606 18517 30349 28707
16311 16304 30327 16402
5382 24256 12447 25550
1715 1611 590 31588
452 4869 19432 15300
30643 13451 25487 7643
23896 4258 17084 7018
6772 27041 3355 15898
19839 4719 1493 7994
29265 18396 28366 16123
29062 27764 434 6244
27372 28900 12127 20607
24577 3495 6912 16440
27419 29058 25737 12549
31733 15010 11575 18758
23748 27537 15353 12042
28816 19449 2174 24999
29990 14827 5008 8719
23569 4497 5256 6471
15431 12611 30351 22279
20069 31608 13825 16080
7973 21159 29362 20783
13926 5376 24712 19127
28858 4576 18684 17990
19928 21252 2529 26221
15328 10878 23701 5549
17514 14654 15240 11898
6233 9378 21103 17318
30337 26073 15558 5462
1688 10031 19097 10074
19421 19957 26036 14751
8008 22182 19510 8837
7072 26179 4499 31368
12290 6712 4630 9383
3416 22783 31787 12516
30192 13921 20339 25808
25118 29120 7790 6044
13534 8593 533 32509
24464 6879 22691 25886
22555 10910 11819 25488
12965 13154 14798 14055
6550 1563 3116 29590
8001 11548 18977 31920
14314 10929 32678 6687
6031 20961 16020 4042
28163 24335 10657 25829
9312 18875 18418 11050
10498 30932 28333 30119
26460 31195 20622 28505
2884 24744 27793 32003
30096 25000 7936 23155
2503 9590 4461 19503
17804 4219 14316 1638
16139 11065 27909 9295
29119 25418 27890 8285
27909 3356 24135 15324
14135 14062 6385 21076
19249 10535 26650 9438
18040 4840 31670 8420
531 26562 9042 264
1113 3826 24043 9487
7457 15572 13675 12904
9123 18888 1828 8697
14258 16626 3119 12849
26463 20364 15764 2084
19079 15257 29755 8254
8738 6437 10570 2255
28193 27345 27896 23278
340 22560 18605 31985
28756 30829 2821 8102
625 649 4469 21350
30187 19308 16613 21145
30933 10716 1316 7023
17798 32275 24893 14316
13229 18 22880 27449
11888 27652 6303 17574
14758 31805 12986 11684
3320 2974 29329 21090
19508 17873 23229 2701
21433 22188 29228 22808
13 6454 20436 13534
5865 27814 20260 2789
5401 20434 12334 19803
21531 1061 15277 11918
13863 23202 24822 25524
1039 6865 16735 7972
18157 12379 969 12578
21506 1830 31900 14681
21447 30295 1333 11761
988 14589 2793 28073
6539 20439 22038 6977
6270 15639 32128 11845
24540 15388 5617 15017
30776 24250 25287 9360
18229 1904 6719 30779
6791 25108 11423 10504
10938 27094 8269 30773
13944 13819 9979 24996
13349 12524 7585 23976
25667 15087 17847 3969
7385 14796 13631 30201
27160 9889 16492 14794
19758 16815 1206 26502
18912 17475 16847 22565
12044 1355 20130 17096
5638 8803 21823 23785
8979 26829 6142 18459
12714 13205 6632 7039
22233 4852 29203 32549
11705 4374 23920 16099
24554 9330 22901 16567
31794 1874 26334 5666
26390 7103 18433 31010
24610 13698 10734 2321
29680 21519 24266 22506
27652 6503 24287 18210
11199 11680 15986 21462
18633 23212 29491 18890
4324 12091 30964 6350
8329 12289 22202 29962
4370 336 1161 26668
26148 2948 16672 20367
23548 19920 14072 31994
8528 12852 7984 11753
24447 10409 16708 2220
2544 15071 22442 2007
24094 8503 28206 14303
15508 28481 17685 7240
4001 25933 31508 5867
26912 3579 10998 21439
22355 19268 7446 11475
11989 19707 5943 17799
31754 19144 24947 32395
7160 2105 10545 5571
30557 11354 28002 29617
7050 18437 23903 21726
24793 28848 3092 15466
2190 28944 6011 19654
12919 31795 17870 2574
25824 23966 31945 15889
6985 29530 16170 32535
28259 30924 20555 2366
6420 9972 4189 29244
31349 13952 25941 28687
10032 24697 27186 16440
20009 11976 2650 19815
23744 2304 3052 4397
26662 24855 30901 28516
26138 22988 13085 4431
12978 943 4078 32549
9732 6988 28123 3140
5602 27253 25711 32746
4687 15229 17110 9921
6192 8307 9246 31548
19623 6419 23297 27967
6100 10297 24354 27488
9240 17543 8365 31363
1924 3186 12769 2145
16966 18476 7276 15419
7978 9932 29306 21082
25691 20175 8227 11401
32 27452 28493 24966
27532 25461 28327 14125
17037 24562 19790 1195
15795 23671 23125 14330
8186 755 22145 24488
27521 9742 7706 1739
19166 29749 30182 7567
28934 28560 6324 7839
5352 16231 20720 32620
13855 22066 8697 12047
8423 16728 14812 24763
17577 26718 6985 306
19948 31773 10634 27934
2659 10581 15206 17670
14845 21567 10806 944
21213 26941 26942 12468
7667 2386 16516 28070
21407 14413 7138 25856
9919 8943 9226 22991
26195 10642 29457 10709
14872 8488 8177 11766
7543 3672 266 25714
21899 23196 1812 3979
14710 14890 18513 28243
19681 26004 13022 25288
1459 23701 2011 27497
3807 30405 10037 14066
8476 865 31303 29577
33 19874 5530 3102
24557 27490 4277 12730
221 20940 26662 17303
5084 9618 18064 23148
1681 21997 27202 24564
